2023-02-26 13:16:51,489 INFO notifyConnectTimeout:200

2023-02-26 13:16:51,496 INFO notifySocketTimeout:8000

2023-02-26 13:16:51,496 INFO isHealthCheck:true

2023-02-26 13:16:51,496 INFO maxHealthCheckFailCount:12

2023-02-26 13:16:51,496 INFO maxContent:10485760

2023-02-26 13:17:01,962 INFO use local db service for init

2023-02-26 13:17:03,278 WARN Lexical error at line 4, column 66.  Encountered: <EOF> after : "".

2023-02-26 13:17:03,387 WARN Syntax error: Encountered "*" at line 1, column 1.

2023-02-26 13:17:03,467 WARN Table/View 'CONFIG_INFO' already exists in Schema 'NACOS'.

2023-02-26 13:17:03,574 WARN Table/View 'HIS_CONFIG_INFO' already exists in Schema 'NACOS'.

2023-02-26 13:17:03,594 WARN Table/View 'CONFIG_INFO_BETA' already exists in Schema 'NACOS'.

2023-02-26 13:17:03,608 WARN Table/View 'CONFIG_INFO_TAG' already exists in Schema 'NACOS'.

2023-02-26 13:17:03,627 WARN Table/View 'CONFIG_INFO_AGGR' already exists in Schema 'NACOS'.

2023-02-26 13:17:03,643 WARN Table/View 'APP_LIST' already exists in Schema 'NACOS'.

2023-02-26 13:17:03,657 WARN Table/View 'APP_CONFIGDATA_RELATION_SUBS' already exists in Schema 'NACOS'.

2023-02-26 13:17:03,675 WARN Table/View 'APP_CONFIGDATA_RELATION_PUBS' already exists in Schema 'NACOS'.

2023-02-26 13:17:03,691 WARN Table/View 'CONFIG_TAGS_RELATION' already exists in Schema 'NACOS'.

2023-02-26 13:17:03,719 WARN Table/View 'GROUP_CAPACITY' already exists in Schema 'NACOS'.

2023-02-26 13:17:03,736 WARN Table/View 'TENANT_CAPACITY' already exists in Schema 'NACOS'.

2023-02-26 13:17:03,752 WARN Table/View 'TENANT_INFO' already exists in Schema 'NACOS'.

2023-02-26 13:17:03,777 WARN Table/View 'USERS' already exists in Schema 'NACOS'.

2023-02-26 13:17:03,790 WARN Table/View 'ROLES' already exists in Schema 'NACOS'.

2023-02-26 13:17:03,805 WARN Table/View 'PERMISSIONS' already exists in Schema 'NACOS'.

2023-02-26 13:17:03,953 WARN The statement was aborted because it would have caused a duplicate key value in a unique or primary key constraint or unique index identified by 'SQL200716160117510' defined on 'USERS'.

2023-02-26 13:17:03,969 WARN The statement was aborted because it would have caused a duplicate key value in a unique or primary key constraint or unique index identified by 'UK_USERNAME_ROLE' defined on 'ROLES'.

2023-02-26 13:17:03,969 INFO use StandaloneDatabaseOperateImpl

2023-02-26 13:17:05,840 WARN DumpService start

2023-02-26 13:17:05,845 INFO start clear all config-info.

2023-02-26 13:17:05,855 WARN clear all config-info failed.

2023-02-26 13:17:05,855 WARN clear all config-info-tenant failed.

2023-02-26 13:17:06,000 INFO [all-dump] 422208951071215616 / 422208951071215616

2023-02-26 13:17:06,000 INFO start clear all config-info-beta.

2023-02-26 13:17:06,000 WARN clear all config-info-beta failed.

2023-02-26 13:17:06,001 WARN clear all config-info-beta-tenant failed.

2023-02-26 13:17:06,243 INFO start clear all config-info-tag.

2023-02-26 13:17:06,243 WARN clear all config-info-tag failed.

2023-02-26 13:17:06,243 WARN clear all config-info-tag-tenant failed.

2023-02-26 13:20:20,299 ERROR long polling error:The request associated with the AsyncContext has already completed processing.

2023-02-26 13:20:23,647 ERROR long polling error:The request associated with the AsyncContext has already completed processing.

