2023-02-26 13:17:05,679 INFO open empty service auto clean job, initialDelay : 50000 ms, period : 30000 ms

2023-02-26 13:17:05,680 INFO listen for service meta change

2023-02-26 13:17:22,895 INFO creating empty service public:DEFAULT_GROUP@@gateway

2023-02-26 13:17:22,939 INFO [NEW-SERVICE] {"name":"DEFAULT_GROUP@@gateway","protectThreshold":0.0,"groupName":"DEFAULT_GROUP","metadata":{},"finalizeCount":0,"owners":[],"resetWeight":false,"enabled":true,"selector":{"type":"none"},"namespaceId":"public","ipDeleteTimeout":30000,"lastModifiedMillis":1677388642899,"checksum":"d767e62cd5d96c49bd1b179055d6348f","clusterMap":{},"empty":true}

2023-02-26 13:17:22,946 WARN cluster: DEFAULT not found, ip: {"instanceId":"172.28.0.5#8080#DEFAULT#DEFAULT_GROUP@@gateway","ip":"172.28.0.5","port":8080,"weight":1.0,"healthy":true,"enabled":true,"ephemeral":true,"clusterName":"DEFAULT","serviceName":"DEFAULT_GROUP@@gateway","metadata":{"preserved.register.source":"SPRING_CLOUD"},"lastBeat":1677388642882,"marked":false,"app":"unknown","instanceHeartBeatInterval":5000,"ipDeleteTimeout":30000,"instanceHeartBeatTimeOut":15000}, will create new cluster with default configuration.

2023-02-26 13:17:22,965 INFO [NACOS-RAFT] datum is changed, key: com.alibaba.nacos.naming.iplist.ephemeral.public##DEFAULT_GROUP@@gateway, value: {"instanceList":[{"instanceId":"172.28.0.5#8080#DEFAULT#DEFAULT_GROUP@@gateway","ip":"172.28.0.5","port":8080,"weight":1.0,"healthy":true,"enabled":true,"ephemeral":true,"clusterName":"DEFAULT","serviceName":"DEFAULT_GROUP@@gateway","metadata":{"preserved.register.source":"SPRING_CLOUD"},"lastBeat":1677388642882,"marked":false,"app":"unknown","instanceHeartBeatInterval":5000,"ipDeleteTimeout":30000,"instanceHeartBeatTimeOut":15000}]}

2023-02-26 13:17:55,402 INFO creating empty service public:DEFAULT_GROUP@@account

2023-02-26 13:17:55,402 INFO [NEW-SERVICE] {"name":"DEFAULT_GROUP@@account","protectThreshold":0.0,"groupName":"DEFAULT_GROUP","metadata":{},"finalizeCount":0,"owners":[],"resetWeight":false,"enabled":true,"selector":{"type":"none"},"namespaceId":"public","ipDeleteTimeout":30000,"lastModifiedMillis":1677388675402,"checksum":"099ad1f55468189131a9ce794ddf8f10","clusterMap":{},"empty":true}

2023-02-26 13:17:55,403 WARN cluster: DEFAULT not found, ip: {"instanceId":"172.28.0.5#51550#DEFAULT#DEFAULT_GROUP@@account","ip":"172.28.0.5","port":51550,"weight":1.0,"healthy":true,"enabled":true,"ephemeral":true,"clusterName":"DEFAULT","serviceName":"DEFAULT_GROUP@@account","metadata":{"preserved.register.source":"SPRING_CLOUD"},"lastBeat":1677388675402,"marked":false,"app":"unknown","instanceHeartBeatInterval":5000,"ipDeleteTimeout":30000,"instanceHeartBeatTimeOut":15000}, will create new cluster with default configuration.

2023-02-26 13:17:55,403 INFO [NACOS-RAFT] datum is changed, key: com.alibaba.nacos.naming.iplist.ephemeral.public##DEFAULT_GROUP@@account, value: {"instanceList":[{"instanceId":"172.28.0.5#51550#DEFAULT#DEFAULT_GROUP@@account","ip":"172.28.0.5","port":51550,"weight":1.0,"healthy":true,"enabled":true,"ephemeral":true,"clusterName":"DEFAULT","serviceName":"DEFAULT_GROUP@@account","metadata":{"preserved.register.source":"SPRING_CLOUD"},"lastBeat":1677388675402,"marked":false,"app":"unknown","instanceHeartBeatInterval":5000,"ipDeleteTimeout":30000,"instanceHeartBeatTimeOut":15000}]}

2023-02-26 13:18:15,674 INFO creating empty service public:DEFAULT_GROUP@@payment

2023-02-26 13:18:15,674 INFO [NEW-SERVICE] {"name":"DEFAULT_GROUP@@payment","protectThreshold":0.0,"groupName":"DEFAULT_GROUP","metadata":{},"finalizeCount":0,"owners":[],"resetWeight":false,"enabled":true,"selector":{"type":"none"},"namespaceId":"public","ipDeleteTimeout":30000,"lastModifiedMillis":1677388695674,"checksum":"c610e868b5a93aadf79f00752de3799f","clusterMap":{},"empty":true}

2023-02-26 13:18:15,675 WARN cluster: DEFAULT not found, ip: {"instanceId":"172.28.0.5#51728#DEFAULT#DEFAULT_GROUP@@payment","ip":"172.28.0.5","port":51728,"weight":1.0,"healthy":true,"enabled":true,"ephemeral":true,"clusterName":"DEFAULT","serviceName":"DEFAULT_GROUP@@payment","metadata":{"preserved.register.source":"SPRING_CLOUD"},"lastBeat":1677388695674,"marked":false,"app":"unknown","instanceHeartBeatInterval":5000,"ipDeleteTimeout":30000,"instanceHeartBeatTimeOut":15000}, will create new cluster with default configuration.

2023-02-26 13:18:15,675 INFO [NACOS-RAFT] datum is changed, key: com.alibaba.nacos.naming.iplist.ephemeral.public##DEFAULT_GROUP@@payment, value: {"instanceList":[{"instanceId":"172.28.0.5#51728#DEFAULT#DEFAULT_GROUP@@payment","ip":"172.28.0.5","port":51728,"weight":1.0,"healthy":true,"enabled":true,"ephemeral":true,"clusterName":"DEFAULT","serviceName":"DEFAULT_GROUP@@payment","metadata":{"preserved.register.source":"SPRING_CLOUD"},"lastBeat":1677388695674,"marked":false,"app":"unknown","instanceHeartBeatInterval":5000,"ipDeleteTimeout":30000,"instanceHeartBeatTimeOut":15000}]}

2023-02-26 13:18:40,433 INFO creating empty service public:DEFAULT_GROUP@@security

2023-02-26 13:18:40,437 INFO [NEW-SERVICE] {"name":"DEFAULT_GROUP@@security","protectThreshold":0.0,"groupName":"DEFAULT_GROUP","metadata":{},"finalizeCount":0,"owners":[],"resetWeight":false,"enabled":true,"selector":{"type":"none"},"namespaceId":"public","ipDeleteTimeout":30000,"lastModifiedMillis":1677388720434,"checksum":"9e9a9f34acb507977f8211e9d189ac0b","clusterMap":{},"empty":true}

2023-02-26 13:18:40,437 WARN cluster: DEFAULT not found, ip: {"instanceId":"172.28.0.5#8301#DEFAULT#DEFAULT_GROUP@@security","ip":"172.28.0.5","port":8301,"weight":1.0,"healthy":true,"enabled":true,"ephemeral":true,"clusterName":"DEFAULT","serviceName":"DEFAULT_GROUP@@security","metadata":{"preserved.register.source":"SPRING_CLOUD"},"lastBeat":1677388720433,"marked":false,"app":"unknown","instanceHeartBeatInterval":5000,"ipDeleteTimeout":30000,"instanceHeartBeatTimeOut":15000}, will create new cluster with default configuration.

2023-02-26 13:18:40,441 INFO [NACOS-RAFT] datum is changed, key: com.alibaba.nacos.naming.iplist.ephemeral.public##DEFAULT_GROUP@@security, value: {"instanceList":[{"instanceId":"172.28.0.5#8301#DEFAULT#DEFAULT_GROUP@@security","ip":"172.28.0.5","port":8301,"weight":1.0,"healthy":true,"enabled":true,"ephemeral":true,"clusterName":"DEFAULT","serviceName":"DEFAULT_GROUP@@security","metadata":{"preserved.register.source":"SPRING_CLOUD"},"lastBeat":1677388720433,"marked":false,"app":"unknown","instanceHeartBeatInterval":5000,"ipDeleteTimeout":30000,"instanceHeartBeatTimeOut":15000}]}

2023-02-26 13:19:09,466 INFO creating empty service public:DEFAULT_GROUP@@warehouse

2023-02-26 13:19:09,466 INFO [NEW-SERVICE] {"name":"DEFAULT_GROUP@@warehouse","protectThreshold":0.0,"groupName":"DEFAULT_GROUP","metadata":{},"finalizeCount":0,"owners":[],"resetWeight":false,"enabled":true,"selector":{"type":"none"},"namespaceId":"public","ipDeleteTimeout":30000,"lastModifiedMillis":1677388749466,"checksum":"d043bf20a6e67cfcbbd3dcc2cb85b4c1","clusterMap":{},"empty":true}

2023-02-26 13:19:09,467 WARN cluster: DEFAULT not found, ip: {"instanceId":"172.28.0.5#52196#DEFAULT#DEFAULT_GROUP@@warehouse","ip":"172.28.0.5","port":52196,"weight":1.0,"healthy":true,"enabled":true,"ephemeral":true,"clusterName":"DEFAULT","serviceName":"DEFAULT_GROUP@@warehouse","metadata":{"preserved.register.source":"SPRING_CLOUD"},"lastBeat":1677388749466,"marked":false,"app":"unknown","instanceHeartBeatInterval":5000,"ipDeleteTimeout":30000,"instanceHeartBeatTimeOut":15000}, will create new cluster with default configuration.

2023-02-26 13:19:09,467 INFO [NACOS-RAFT] datum is changed, key: com.alibaba.nacos.naming.iplist.ephemeral.public##DEFAULT_GROUP@@warehouse, value: {"instanceList":[{"instanceId":"172.28.0.5#52196#DEFAULT#DEFAULT_GROUP@@warehouse","ip":"172.28.0.5","port":52196,"weight":1.0,"healthy":true,"enabled":true,"ephemeral":true,"clusterName":"DEFAULT","serviceName":"DEFAULT_GROUP@@warehouse","metadata":{"preserved.register.source":"SPRING_CLOUD"},"lastBeat":1677388749466,"marked":false,"app":"unknown","instanceHeartBeatInterval":5000,"ipDeleteTimeout":30000,"instanceHeartBeatTimeOut":15000}]}

2023-02-26 13:20:18,218 WARN Exception while processing client beat time out.

java.lang.IllegalStateException: org.springframework.boot.web.servlet.context.AnnotationConfigServletWebServerApplicationContext@2ff4f00f has been closed already
	at org.springframework.context.support.AbstractApplicationContext.assertBeanFactoryActive(AbstractApplicationContext.java:1067)
	at org.springframework.context.support.AbstractApplicationContext.getBean(AbstractApplicationContext.java:1100)
	at com.alibaba.nacos.core.utils.ApplicationUtils.getBean(ApplicationUtils.java:192)
	at com.alibaba.nacos.naming.healthcheck.ClientBeatCheckTask.getDistroMapper(ClientBeatCheckTask.java:60)
	at com.alibaba.nacos.naming.healthcheck.ClientBeatCheckTask.run(ClientBeatCheckTask.java:78)
	at java.util.concurrent.Executors$RunnableAdapter.call(Executors.java:511)
	at java.util.concurrent.FutureTask.runAndReset(FutureTask.java:308)
	at java.util.concurrent.ScheduledThreadPoolExecutor$ScheduledFutureTask.access$301(ScheduledThreadPoolExecutor.java:180)
	at java.util.concurrent.ScheduledThreadPoolExecutor$ScheduledFutureTask.run(ScheduledThreadPoolExecutor.java:294)
	at java.util.concurrent.ThreadPoolExecutor.runWorker(ThreadPoolExecutor.java:1149)
	at java.util.concurrent.ThreadPoolExecutor$Worker.run(ThreadPoolExecutor.java:624)
	at java.lang.Thread.run(Thread.java:748)
2023-02-26 13:20:19,554 WARN Exception while processing client beat time out.

java.lang.IllegalStateException: org.springframework.boot.web.servlet.context.AnnotationConfigServletWebServerApplicationContext@2ff4f00f has been closed already
	at org.springframework.context.support.AbstractApplicationContext.assertBeanFactoryActive(AbstractApplicationContext.java:1067)
	at org.springframework.context.support.AbstractApplicationContext.getBean(AbstractApplicationContext.java:1100)
	at com.alibaba.nacos.core.utils.ApplicationUtils.getBean(ApplicationUtils.java:192)
	at com.alibaba.nacos.naming.healthcheck.ClientBeatCheckTask.getDistroMapper(ClientBeatCheckTask.java:60)
	at com.alibaba.nacos.naming.healthcheck.ClientBeatCheckTask.run(ClientBeatCheckTask.java:78)
	at java.util.concurrent.Executors$RunnableAdapter.call(Executors.java:511)
	at java.util.concurrent.FutureTask.runAndReset(FutureTask.java:308)
	at java.util.concurrent.ScheduledThreadPoolExecutor$ScheduledFutureTask.access$301(ScheduledThreadPoolExecutor.java:180)
	at java.util.concurrent.ScheduledThreadPoolExecutor$ScheduledFutureTask.run(ScheduledThreadPoolExecutor.java:294)
	at java.util.concurrent.ThreadPoolExecutor.runWorker(ThreadPoolExecutor.java:1149)
	at java.util.concurrent.ThreadPoolExecutor$Worker.run(ThreadPoolExecutor.java:624)
	at java.lang.Thread.run(Thread.java:748)
2023-02-26 13:20:20,624 WARN Exception while processing client beat time out.

java.lang.IllegalStateException: org.springframework.boot.web.servlet.context.AnnotationConfigServletWebServerApplicationContext@2ff4f00f has been closed already
	at org.springframework.context.support.AbstractApplicationContext.assertBeanFactoryActive(AbstractApplicationContext.java:1067)
	at org.springframework.context.support.AbstractApplicationContext.getBean(AbstractApplicationContext.java:1100)
	at com.alibaba.nacos.core.utils.ApplicationUtils.getBean(ApplicationUtils.java:192)
	at com.alibaba.nacos.naming.healthcheck.ClientBeatCheckTask.getDistroMapper(ClientBeatCheckTask.java:60)
	at com.alibaba.nacos.naming.healthcheck.ClientBeatCheckTask.run(ClientBeatCheckTask.java:78)
	at java.util.concurrent.Executors$RunnableAdapter.call(Executors.java:511)
	at java.util.concurrent.FutureTask.runAndReset(FutureTask.java:308)
	at java.util.concurrent.ScheduledThreadPoolExecutor$ScheduledFutureTask.access$301(ScheduledThreadPoolExecutor.java:180)
	at java.util.concurrent.ScheduledThreadPoolExecutor$ScheduledFutureTask.run(ScheduledThreadPoolExecutor.java:294)
	at java.util.concurrent.ThreadPoolExecutor.runWorker(ThreadPoolExecutor.java:1149)
	at java.util.concurrent.ThreadPoolExecutor$Worker.run(ThreadPoolExecutor.java:624)
	at java.lang.Thread.run(Thread.java:748)
2023-02-26 13:20:20,656 WARN Exception while processing client beat time out.

java.lang.IllegalStateException: org.springframework.boot.web.servlet.context.AnnotationConfigServletWebServerApplicationContext@2ff4f00f has been closed already
	at org.springframework.context.support.AbstractApplicationContext.assertBeanFactoryActive(AbstractApplicationContext.java:1067)
	at org.springframework.context.support.AbstractApplicationContext.getBean(AbstractApplicationContext.java:1100)
	at com.alibaba.nacos.core.utils.ApplicationUtils.getBean(ApplicationUtils.java:192)
	at com.alibaba.nacos.naming.healthcheck.ClientBeatCheckTask.getDistroMapper(ClientBeatCheckTask.java:60)
	at com.alibaba.nacos.naming.healthcheck.ClientBeatCheckTask.run(ClientBeatCheckTask.java:78)
	at java.util.concurrent.Executors$RunnableAdapter.call(Executors.java:511)
	at java.util.concurrent.FutureTask.runAndReset(FutureTask.java:308)
	at java.util.concurrent.ScheduledThreadPoolExecutor$ScheduledFutureTask.access$301(ScheduledThreadPoolExecutor.java:180)
	at java.util.concurrent.ScheduledThreadPoolExecutor$ScheduledFutureTask.run(ScheduledThreadPoolExecutor.java:294)
	at java.util.concurrent.ThreadPoolExecutor.runWorker(ThreadPoolExecutor.java:1149)
	at java.util.concurrent.ThreadPoolExecutor$Worker.run(ThreadPoolExecutor.java:624)
	at java.lang.Thread.run(Thread.java:748)
2023-02-26 13:20:20,935 WARN Exception while processing client beat time out.

java.lang.IllegalStateException: org.springframework.boot.web.servlet.context.AnnotationConfigServletWebServerApplicationContext@2ff4f00f has been closed already
	at org.springframework.context.support.AbstractApplicationContext.assertBeanFactoryActive(AbstractApplicationContext.java:1067)
	at org.springframework.context.support.AbstractApplicationContext.getBean(AbstractApplicationContext.java:1100)
	at com.alibaba.nacos.core.utils.ApplicationUtils.getBean(ApplicationUtils.java:192)
	at com.alibaba.nacos.naming.healthcheck.ClientBeatCheckTask.getDistroMapper(ClientBeatCheckTask.java:60)
	at com.alibaba.nacos.naming.healthcheck.ClientBeatCheckTask.run(ClientBeatCheckTask.java:78)
	at java.util.concurrent.Executors$RunnableAdapter.call(Executors.java:511)
	at java.util.concurrent.FutureTask.runAndReset(FutureTask.java:308)
	at java.util.concurrent.ScheduledThreadPoolExecutor$ScheduledFutureTask.access$301(ScheduledThreadPoolExecutor.java:180)
	at java.util.concurrent.ScheduledThreadPoolExecutor$ScheduledFutureTask.run(ScheduledThreadPoolExecutor.java:294)
	at java.util.concurrent.ThreadPoolExecutor.runWorker(ThreadPoolExecutor.java:1149)
	at java.util.concurrent.ThreadPoolExecutor$Worker.run(ThreadPoolExecutor.java:624)
	at java.lang.Thread.run(Thread.java:748)
2023-02-26 13:20:23,230 WARN Exception while processing client beat time out.

java.lang.IllegalStateException: org.springframework.boot.web.servlet.context.AnnotationConfigServletWebServerApplicationContext@2ff4f00f has been closed already
	at org.springframework.context.support.AbstractApplicationContext.assertBeanFactoryActive(AbstractApplicationContext.java:1067)
	at org.springframework.context.support.AbstractApplicationContext.getBean(AbstractApplicationContext.java:1100)
	at com.alibaba.nacos.core.utils.ApplicationUtils.getBean(ApplicationUtils.java:192)
	at com.alibaba.nacos.naming.healthcheck.ClientBeatCheckTask.getDistroMapper(ClientBeatCheckTask.java:60)
	at com.alibaba.nacos.naming.healthcheck.ClientBeatCheckTask.run(ClientBeatCheckTask.java:78)
	at java.util.concurrent.Executors$RunnableAdapter.call(Executors.java:511)
	at java.util.concurrent.FutureTask.runAndReset(FutureTask.java:308)
	at java.util.concurrent.ScheduledThreadPoolExecutor$ScheduledFutureTask.access$301(ScheduledThreadPoolExecutor.java:180)
	at java.util.concurrent.ScheduledThreadPoolExecutor$ScheduledFutureTask.run(ScheduledThreadPoolExecutor.java:294)
	at java.util.concurrent.ThreadPoolExecutor.runWorker(ThreadPoolExecutor.java:1149)
	at java.util.concurrent.ThreadPoolExecutor$Worker.run(ThreadPoolExecutor.java:624)
	at java.lang.Thread.run(Thread.java:748)
2023-02-26 13:20:24,562 WARN Exception while processing client beat time out.

java.lang.IllegalStateException: org.springframework.boot.web.servlet.context.AnnotationConfigServletWebServerApplicationContext@2ff4f00f has been closed already
	at org.springframework.context.support.AbstractApplicationContext.assertBeanFactoryActive(AbstractApplicationContext.java:1067)
	at org.springframework.context.support.AbstractApplicationContext.getBean(AbstractApplicationContext.java:1100)
	at com.alibaba.nacos.core.utils.ApplicationUtils.getBean(ApplicationUtils.java:192)
	at com.alibaba.nacos.naming.healthcheck.ClientBeatCheckTask.getDistroMapper(ClientBeatCheckTask.java:60)
	at com.alibaba.nacos.naming.healthcheck.ClientBeatCheckTask.run(ClientBeatCheckTask.java:78)
	at java.util.concurrent.Executors$RunnableAdapter.call(Executors.java:511)
	at java.util.concurrent.FutureTask.runAndReset(FutureTask.java:308)
	at java.util.concurrent.ScheduledThreadPoolExecutor$ScheduledFutureTask.access$301(ScheduledThreadPoolExecutor.java:180)
	at java.util.concurrent.ScheduledThreadPoolExecutor$ScheduledFutureTask.run(ScheduledThreadPoolExecutor.java:294)
	at java.util.concurrent.ThreadPoolExecutor.runWorker(ThreadPoolExecutor.java:1149)
	at java.util.concurrent.ThreadPoolExecutor$Worker.run(ThreadPoolExecutor.java:624)
	at java.lang.Thread.run(Thread.java:748)
2023-02-26 13:20:25,634 WARN Exception while processing client beat time out.

java.lang.IllegalStateException: org.springframework.boot.web.servlet.context.AnnotationConfigServletWebServerApplicationContext@2ff4f00f has been closed already
	at org.springframework.context.support.AbstractApplicationContext.assertBeanFactoryActive(AbstractApplicationContext.java:1067)
	at org.springframework.context.support.AbstractApplicationContext.getBean(AbstractApplicationContext.java:1100)
	at com.alibaba.nacos.core.utils.ApplicationUtils.getBean(ApplicationUtils.java:192)
	at com.alibaba.nacos.naming.healthcheck.ClientBeatCheckTask.getDistroMapper(ClientBeatCheckTask.java:60)
	at com.alibaba.nacos.naming.healthcheck.ClientBeatCheckTask.run(ClientBeatCheckTask.java:78)
	at java.util.concurrent.Executors$RunnableAdapter.call(Executors.java:511)
	at java.util.concurrent.FutureTask.runAndReset(FutureTask.java:308)
	at java.util.concurrent.ScheduledThreadPoolExecutor$ScheduledFutureTask.access$301(ScheduledThreadPoolExecutor.java:180)
	at java.util.concurrent.ScheduledThreadPoolExecutor$ScheduledFutureTask.run(ScheduledThreadPoolExecutor.java:294)
	at java.util.concurrent.ThreadPoolExecutor.runWorker(ThreadPoolExecutor.java:1149)
	at java.util.concurrent.ThreadPoolExecutor$Worker.run(ThreadPoolExecutor.java:624)
	at java.lang.Thread.run(Thread.java:748)
2023-02-26 13:20:25,665 WARN Exception while processing client beat time out.

java.lang.IllegalStateException: org.springframework.boot.web.servlet.context.AnnotationConfigServletWebServerApplicationContext@2ff4f00f has been closed already
	at org.springframework.context.support.AbstractApplicationContext.assertBeanFactoryActive(AbstractApplicationContext.java:1067)
	at org.springframework.context.support.AbstractApplicationContext.getBean(AbstractApplicationContext.java:1100)
	at com.alibaba.nacos.core.utils.ApplicationUtils.getBean(ApplicationUtils.java:192)
	at com.alibaba.nacos.naming.healthcheck.ClientBeatCheckTask.getDistroMapper(ClientBeatCheckTask.java:60)
	at com.alibaba.nacos.naming.healthcheck.ClientBeatCheckTask.run(ClientBeatCheckTask.java:78)
	at java.util.concurrent.Executors$RunnableAdapter.call(Executors.java:511)
	at java.util.concurrent.FutureTask.runAndReset(FutureTask.java:308)
	at java.util.concurrent.ScheduledThreadPoolExecutor$ScheduledFutureTask.access$301(ScheduledThreadPoolExecutor.java:180)
	at java.util.concurrent.ScheduledThreadPoolExecutor$ScheduledFutureTask.run(ScheduledThreadPoolExecutor.java:294)
	at java.util.concurrent.ThreadPoolExecutor.runWorker(ThreadPoolExecutor.java:1149)
	at java.util.concurrent.ThreadPoolExecutor$Worker.run(ThreadPoolExecutor.java:624)
	at java.lang.Thread.run(Thread.java:748)
2023-02-26 13:20:25,944 WARN Exception while processing client beat time out.

java.lang.IllegalStateException: org.springframework.boot.web.servlet.context.AnnotationConfigServletWebServerApplicationContext@2ff4f00f has been closed already
	at org.springframework.context.support.AbstractApplicationContext.assertBeanFactoryActive(AbstractApplicationContext.java:1067)
	at org.springframework.context.support.AbstractApplicationContext.getBean(AbstractApplicationContext.java:1100)
	at com.alibaba.nacos.core.utils.ApplicationUtils.getBean(ApplicationUtils.java:192)
	at com.alibaba.nacos.naming.healthcheck.ClientBeatCheckTask.getDistroMapper(ClientBeatCheckTask.java:60)
	at com.alibaba.nacos.naming.healthcheck.ClientBeatCheckTask.run(ClientBeatCheckTask.java:78)
	at java.util.concurrent.Executors$RunnableAdapter.call(Executors.java:511)
	at java.util.concurrent.FutureTask.runAndReset(FutureTask.java:308)
	at java.util.concurrent.ScheduledThreadPoolExecutor$ScheduledFutureTask.access$301(ScheduledThreadPoolExecutor.java:180)
	at java.util.concurrent.ScheduledThreadPoolExecutor$ScheduledFutureTask.run(ScheduledThreadPoolExecutor.java:294)
	at java.util.concurrent.ThreadPoolExecutor.runWorker(ThreadPoolExecutor.java:1149)
	at java.util.concurrent.ThreadPoolExecutor$Worker.run(ThreadPoolExecutor.java:624)
	at java.lang.Thread.run(Thread.java:748)
2023-02-26 13:20:26,902 ERROR [HEALTH-CHECK] error while processing NIO task

java.lang.InterruptedException: null
	at java.util.concurrent.locks.AbstractQueuedSynchronizer$ConditionObject.reportInterruptAfterWait(AbstractQueuedSynchronizer.java:2014)
	at java.util.concurrent.locks.AbstractQueuedSynchronizer$ConditionObject.awaitNanos(AbstractQueuedSynchronizer.java:2088)
	at java.util.concurrent.LinkedBlockingQueue.poll(LinkedBlockingQueue.java:467)
	at com.alibaba.nacos.naming.healthcheck.TcpSuperSenseProcessor.processTask(TcpSuperSenseProcessor.java:137)
	at com.alibaba.nacos.naming.healthcheck.TcpSuperSenseProcessor.run(TcpSuperSenseProcessor.java:154)
	at java.util.concurrent.Executors$RunnableAdapter.call(Executors.java:511)
	at java.util.concurrent.FutureTask.run(FutureTask.java:266)
	at java.util.concurrent.ScheduledThreadPoolExecutor$ScheduledFutureTask.access$201(ScheduledThreadPoolExecutor.java:180)
	at java.util.concurrent.ScheduledThreadPoolExecutor$ScheduledFutureTask.run(ScheduledThreadPoolExecutor.java:293)
	at java.util.concurrent.ThreadPoolExecutor.runWorker(ThreadPoolExecutor.java:1149)
	at java.util.concurrent.ThreadPoolExecutor$Worker.run(ThreadPoolExecutor.java:624)
	at java.lang.Thread.run(Thread.java:748)
2023-02-26 13:20:28,240 WARN Exception while processing client beat time out.

java.lang.IllegalStateException: org.springframework.boot.web.servlet.context.AnnotationConfigServletWebServerApplicationContext@2ff4f00f has been closed already
	at org.springframework.context.support.AbstractApplicationContext.assertBeanFactoryActive(AbstractApplicationContext.java:1067)
	at org.springframework.context.support.AbstractApplicationContext.getBean(AbstractApplicationContext.java:1100)
	at com.alibaba.nacos.core.utils.ApplicationUtils.getBean(ApplicationUtils.java:192)
	at com.alibaba.nacos.naming.healthcheck.ClientBeatCheckTask.getDistroMapper(ClientBeatCheckTask.java:60)
	at com.alibaba.nacos.naming.healthcheck.ClientBeatCheckTask.run(ClientBeatCheckTask.java:78)
	at java.util.concurrent.Executors$RunnableAdapter.call(Executors.java:511)
	at java.util.concurrent.FutureTask.runAndReset(FutureTask.java:308)
	at java.util.concurrent.ScheduledThreadPoolExecutor$ScheduledFutureTask.access$301(ScheduledThreadPoolExecutor.java:180)
	at java.util.concurrent.ScheduledThreadPoolExecutor$ScheduledFutureTask.run(ScheduledThreadPoolExecutor.java:294)
	at java.util.concurrent.ThreadPoolExecutor.runWorker(ThreadPoolExecutor.java:1149)
	at java.util.concurrent.ThreadPoolExecutor$Worker.run(ThreadPoolExecutor.java:624)
	at java.lang.Thread.run(Thread.java:748)
2023-02-26 13:20:29,577 WARN Exception while processing client beat time out.

java.lang.IllegalStateException: org.springframework.boot.web.servlet.context.AnnotationConfigServletWebServerApplicationContext@2ff4f00f has been closed already
	at org.springframework.context.support.AbstractApplicationContext.assertBeanFactoryActive(AbstractApplicationContext.java:1067)
	at org.springframework.context.support.AbstractApplicationContext.getBean(AbstractApplicationContext.java:1100)
	at com.alibaba.nacos.core.utils.ApplicationUtils.getBean(ApplicationUtils.java:192)
	at com.alibaba.nacos.naming.healthcheck.ClientBeatCheckTask.getDistroMapper(ClientBeatCheckTask.java:60)
	at com.alibaba.nacos.naming.healthcheck.ClientBeatCheckTask.run(ClientBeatCheckTask.java:78)
	at java.util.concurrent.Executors$RunnableAdapter.call(Executors.java:511)
	at java.util.concurrent.FutureTask.runAndReset(FutureTask.java:308)
	at java.util.concurrent.ScheduledThreadPoolExecutor$ScheduledFutureTask.access$301(ScheduledThreadPoolExecutor.java:180)
	at java.util.concurrent.ScheduledThreadPoolExecutor$ScheduledFutureTask.run(ScheduledThreadPoolExecutor.java:294)
	at java.util.concurrent.ThreadPoolExecutor.runWorker(ThreadPoolExecutor.java:1149)
	at java.util.concurrent.ThreadPoolExecutor$Worker.run(ThreadPoolExecutor.java:624)
	at java.lang.Thread.run(Thread.java:748)
