2023-02-16 15:59:36,441 INFO PERFORMANCE:|0|0|-1|-1

2023-02-16 16:01:15,792 INFO PERFORMANCE:|0|0|-1|-1

2023-02-16 16:06:15,797 INFO PERFORMANCE:|0|0|-1|-1

2023-02-16 16:12:56,063 INFO PERFORMANCE:|0|0|-1|-1

2023-02-16 16:17:56,069 INFO PERFORMANCE:|0|0|-1|-1

2023-02-16 16:22:56,078 INFO PERFORMANCE:|0|0|-1|-1

2023-02-16 16:27:18,459 INFO PERFORMANCE:|0|0|-1|-1

2023-02-16 16:32:18,469 INFO PERFORMANCE:|0|0|-1|-1

2023-02-16 16:37:18,485 INFO PERFORMANCE:|0|0|-1|-1

2023-02-16 16:42:18,497 INFO PERFORMANCE:|0|0|-1|-1

2023-02-16 16:47:18,507 INFO PERFORMANCE:|0|0|-1|-1

2023-02-16 16:50:07,545 INFO PERFORMANCE:|0|0|-1|-1

2023-02-16 16:55:07,556 INFO PERFORMANCE:|0|0|-1|-1

2023-02-16 16:57:52,551 INFO PERFORMANCE:|0|0|-1|-1

2023-02-16 17:02:52,553 INFO PERFORMANCE:|0|0|-1|-1

2023-02-16 17:07:52,558 INFO PERFORMANCE:|0|0|-1|-1

2023-02-16 17:12:52,572 INFO PERFORMANCE:|0|0|-1|-1

2023-02-16 17:17:52,575 INFO PERFORMANCE:|0|0|-1|-1

2023-02-16 17:22:52,590 INFO PERFORMANCE:|0|0|-1|-1

2023-02-16 17:27:52,605 INFO PERFORMANCE:|0|0|-1|-1

2023-02-16 17:32:52,620 INFO PERFORMANCE:|0|0|-1|-1

2023-02-16 17:37:52,632 INFO PERFORMANCE:|0|0|-1|-1

2023-02-16 17:42:52,642 INFO PERFORMANCE:|0|0|-1|-1

2023-02-16 17:46:27,704 INFO PERFORMANCE:|0|0|-1|-1

2023-02-16 17:51:27,706 INFO PERFORMANCE:|0|0|-1|-1

2023-02-16 17:56:27,716 INFO PERFORMANCE:|0|0|-1|-1

2023-02-16 18:01:27,724 INFO PERFORMANCE:|0|0|-1|-1

2023-02-16 18:06:27,727 INFO PERFORMANCE:|0|0|-1|-1

2023-02-16 18:11:27,732 INFO PERFORMANCE:|0|0|-1|-1

2023-02-16 18:16:27,734 INFO PERFORMANCE:|0|0|-1|-1

2023-02-16 18:21:27,735 INFO PERFORMANCE:|0|0|-1|-1

2023-02-16 18:26:27,749 INFO PERFORMANCE:|0|0|-1|-1

2023-02-16 18:31:27,764 INFO PERFORMANCE:|0|0|-1|-1

2023-02-16 18:36:27,767 INFO PERFORMANCE:|0|0|-1|-1

2023-02-16 18:41:27,780 INFO PERFORMANCE:|0|0|-1|-1

2023-02-16 18:46:27,787 INFO PERFORMANCE:|0|0|-1|-1

2023-02-16 18:51:27,803 INFO PERFORMANCE:|0|0|-1|-1

2023-02-16 18:56:27,812 INFO PERFORMANCE:|0|0|-1|-1

2023-02-16 19:01:27,819 INFO PERFORMANCE:|0|0|-1|-1

2023-02-16 19:06:27,826 INFO PERFORMANCE:|0|0|-1|-1

2023-02-16 19:11:27,859 INFO PERFORMANCE:|0|0|-1|-1

2023-02-16 19:16:27,878 INFO PERFORMANCE:|0|0|-1|-1

2023-02-16 19:21:27,934 INFO PERFORMANCE:|0|0|-1|-1

2023-02-16 19:26:27,970 INFO PERFORMANCE:|0|0|-1|-1

2023-02-16 19:31:28,014 INFO PERFORMANCE:|0|0|-1|-1

2023-02-16 19:46:26,952 INFO PERFORMANCE:|0|0|-1|-1

2023-02-16 19:51:26,962 INFO PERFORMANCE:|5|5|-1|-1

2023-02-16 19:56:26,970 INFO PERFORMANCE:|5|5|-1|-1

2023-02-16 20:01:26,980 INFO PERFORMANCE:|5|6|-1|-1

2023-02-16 20:06:26,995 INFO PERFORMANCE:|5|5|-1|-1

2023-02-16 20:11:26,997 INFO PERFORMANCE:|5|6|-1|-1

2023-02-16 20:16:27,003 INFO PERFORMANCE:|5|6|-1|-1

2023-02-16 20:21:27,005 INFO PERFORMANCE:|5|6|-1|-1

2023-02-16 20:26:27,018 INFO PERFORMANCE:|5|6|-1|-1

2023-02-16 20:31:27,019 INFO PERFORMANCE:|5|6|-1|-1

2023-02-16 20:36:27,036 INFO PERFORMANCE:|5|6|-1|-1

2023-02-16 20:41:27,036 INFO PERFORMANCE:|5|6|-1|-1

2023-02-16 20:46:27,041 INFO PERFORMANCE:|5|6|-1|-1

